---------------------------------------
OMP_NUM_THREADS: Sequential
MPI_NUM_PROCS: 2
Depth: 8
Rank 1 out of 2 processes
Rank 0 out of 2 processes
Do you want to play again? (y/n): Thanks for playing!
Exiting the game...
Current board:
2 2 1 1 2 2 0 
1 1 2 2 1 1 0 
2 2 1 1 2 2 0 
1 1 2 2 1 1 0 
2 2 1 2 2 2 2 
1 1 1 2 1 1 1 
Current player: 2
Moves made: 1 1 1 1 1 1 2 2 2 2 2 2 3 4 3 3 3 3 3 4 5 4 4 4 4 5 5 5 5 5 6 6 6 6 6 6 7 7 
Player 2 wins!
Elapsed time: 1 seconds
Elapsed time: 1.43508 seconds
Do you want to play again? (y/n): Thanks for playing!
Exiting the game...
---------------------------------------
---------------------------------------
OMP_NUM_THREADS: Sequential
MPI_NUM_PROCS: 4
Depth: 8
Rank 2 out of 4 processes
Rank 1 out of 4 processes
Rank 0 out of 4 processes
Rank 3 out of 4 processes
Do you want to play again? (y/n): Thanks for playing!
Exiting the game...
Do you want to play again? (y/n): Thanks for playing!
Exiting the game...
Do you want to play again? (y/n): Thanks for playing!
Exiting the game...
Current board:
2 2 1 1 2 2 0 
1 1 2 2 1 1 0 
2 2 1 1 2 2 0 
1 1 2 2 1 1 0 
2 2 1 2 2 2 2 
1 1 1 2 1 1 1 
Current player: 2
Moves made: 1 1 1 1 1 1 2 2 2 2 2 2 3 4 3 3 3 3 3 4 5 4 4 4 4 5 5 5 5 5 6 6 6 6 6 6 7 7 
Player 2 wins!
Elapsed time: 0 seconds
Elapsed time: 0.81195 seconds
Do you want to play again? (y/n): Thanks for playing!
Exiting the game...
---------------------------------------
---------------------------------------
OMP_NUM_THREADS: Sequential
MPI_NUM_PROCS: 6
Depth: 8
Rank 4 out of 6 processes
Rank 2 out of 6 processes
Rank 5 out of 6 processes
Rank 0 out of 6 processes
Rank 1 out of 6 processes
Rank 3 out of 6 processes
Do you want to play again? (y/n): Thanks for playing!
Exiting the game...
Current board:
2 2 1 1 2 2 0 
1 1 2 2 1 1 0 
2 2 1 1 2 2 0 
1 1 2 2 1 1 0 
2 2 1 2 2 2 2 
1 1 1 2 1 1 1 
Current player: 2
Moves made: 1 1 1 1 1 1 2 2 2 2 2 2 3 4 3 3 3 3 3 4 5 4 4 4 4 5 5 5 5 5 6 6 6 6 6 6 7 7 
Player 2 wins!
Elapsed time: 0 seconds
Elapsed time: 0.65386 seconds
Do you want to play again? (y/n): Thanks for playing!
Exiting the game...
Do you want to play again? (y/n): Thanks for playing!
Exiting the game...
Do you want to play again? (y/n): Thanks for playing!
Exiting the game...
Do you want to play again? (y/n): Thanks for playing!
Exiting the game...
Do you want to play again? (y/n): Thanks for playing!
Exiting the game...
---------------------------------------
---------------------------------------
OMP_NUM_THREADS: Sequential
MPI_NUM_PROCS: 7
Depth: 8
Rank 3 out of 7 processes
Rank 6 out of 7 processes
Rank 5 out of 7 processes
Rank 1 out of 7 processes
Rank 0 out of 7 processes
Rank 2 out of 7 processes
Rank 4 out of 7 processes
Do you want to play again? (y/n): Thanks for playing!
Exiting the game...
Current board:
2 2 1 1 2 2 0 
1 1 2 2 1 1 0 
2 2 1 1 2 2 0 
1 1 2 2 1 1 0 
2 2 1 2 2 2 2 
1 1 1 2 1 1 1 
Current player: 2
Moves made: 1 1 1 1 1 1 2 2 2 2 2 2 3 4 3 3 3 3 3 4 5 4 4 4 4 5 5 5 5 5 6 6 6 6 6 6 7 7 
Player 2 wins!
Elapsed time: 0 seconds
Elapsed time: 0.43491 seconds
Do you want to play again? (y/n): Thanks for playing!
Exiting the game...
Do you want to play again? (y/n): Thanks for playing!
Exiting the game...
Do you want to play again? (y/n): Thanks for playing!
Exiting the game...
Do you want to play again? (y/n): Thanks for playing!
Exiting the game...
Do you want to play again? (y/n): Thanks for playing!
Exiting the game...
Do you want to play again? (y/n): Thanks for playing!
Exiting the game...
---------------------------------------
---------------------------------------
OMP_NUM_THREADS: Sequential
MPI_NUM_PROCS: 2
Depth: 9
Rank 1 out of 2 processes
Rank 0 out of 2 processes
Current board:
2 2 1 1 2 2 0 
1 1 2 2 1 1 0 
2 2 1 1 2 2 0 
1 1 2 2 1 1 0 
2 2 1 2 2 2 2 
1 1 1 2 1 1 1 
Current player: 2
Moves made: 1 1 1 1 1 1 2 2 2 2 2 2 3 4 3 3 3 3 3 4 5 4 4 4 4 5 5 5 5 5 6 6 6 6 6 6 7 7 
Player 2 wins!
Elapsed time: 9 seconds
Elapsed time: 9.42512 seconds
Do you want to play again? (y/n): Thanks for playing!
Exiting the game...
Do you want to play again? (y/n): Thanks for playing!
Exiting the game...
---------------------------------------
---------------------------------------
OMP_NUM_THREADS: Sequential
MPI_NUM_PROCS: 4
Depth: 9
Rank 0 out of 4 processes
Rank 2 out of 4 processes
Rank 3 out of 4 processes
Rank 1 out of 4 processes
Do you want to play again? (y/n): Thanks for playing!
Exiting the game...
Current board:
2 2 1 1 2 2 0 
1 1 2 2 1 1 0 
2 2 1 1 2 2 0 
1 1 2 2 1 1 0 
2 2 1 2 2 2 2 
1 1 1 2 1 1 1 
Current player: 2
Moves made: 1 1 1 1 1 1 2 2 2 2 2 2 3 4 3 3 3 3 3 4 5 4 4 4 4 5 5 5 5 5 6 6 6 6 6 6 7 7 
Player 2 wins!
Elapsed time: 5 seconds
Elapsed time: 5.25529 seconds
Do you want to play again? (y/n): Thanks for playing!
Exiting the game...
Do you want to play again? (y/n): Thanks for playing!
Exiting the game...
Do you want to play again? (y/n): Thanks for playing!
Exiting the game...
---------------------------------------
---------------------------------------
OMP_NUM_THREADS: Sequential
MPI_NUM_PROCS: 6
Depth: 9
Rank 5 out of 6 processes
Rank 1 out of 6 processes
Rank 2 out of 6 processes
Rank 0 out of 6 processes
Rank 4 out of 6 processes
Rank 3 out of 6 processes
Do you want to play again? (y/n): Thanks for playing!
Exiting the game...
Do you want to play again? (y/n): Thanks for playing!
Exiting the game...
Do you want to play again? (y/n): Thanks for playing!
Exiting the game...
Do you want to play again? (y/n): Thanks for playing!
Exiting the game...
Current board:
2 2 1 1 2 2 0 
1 1 2 2 1 1 0 
2 2 1 1 2 2 0 
1 1 2 2 1 1 0 
2 2 1 2 2 2 2 
1 1 1 2 1 1 1 
Current player: 2
Moves made: 1 1 1 1 1 1 2 2 2 2 2 2 3 4 3 3 3 3 3 4 5 4 4 4 4 5 5 5 5 5 6 6 6 6 6 6 7 7 
Player 2 wins!
Elapsed time: 4 seconds
Elapsed time: 4.35105 seconds
Do you want to play again? (y/n): Thanks for playing!
Exiting the game...
Do you want to play again? (y/n): Thanks for playing!
Exiting the game...
---------------------------------------
---------------------------------------
OMP_NUM_THREADS: Sequential
MPI_NUM_PROCS: 7
Depth: 9
Rank 0 out of 7 processes
Rank 6 out of 7 processes
Rank 4 out of 7 processes
Rank 5 out of 7 processes
Rank 1 out of 7 processes
Rank 2 out of 7 processes
Rank 3 out of 7 processes
Do you want to play again? (y/n): Thanks for playing!
Exiting the game...
Do you want to play again? (y/n): Thanks for playing!
Exiting the game...
Do you want to play again? (y/n): Thanks for playing!
Exiting the game...
Do you want to play again? (y/n): Thanks for playing!
Exiting the game...
Do you want to play again? (y/n): Thanks for playing!
Exiting the game...
Current board:
2 2 1 1 2 2 0 
1 1 2 2 1 1 0 
2 2 1 1 2 2 0 
1 1 2 2 1 1 0 
2 2 1 2 2 2 2 
1 1 1 2 1 1 1 
Current player: 2
Moves made: 1 1 1 1 1 1 2 2 2 2 2 2 3 4 3 3 3 3 3 4 5 4 4 4 4 5 5 5 5 5 6 6 6 6 6 6 7 7 
Player 2 wins!
Elapsed time: 2 seconds
Elapsed time: 2.75876 seconds
Do you want to play again? (y/n): Thanks for playing!
Exiting the game...
Do you want to play again? (y/n): Thanks for playing!
Exiting the game...
---------------------------------------
---------------------------------------
OMP_NUM_THREADS: Sequential
MPI_NUM_PROCS: 2
Depth: 10
Rank 0 out of 2 processes
Rank 1 out of 2 processes
Current board:
2 2 1 1 2 2 0 
1 1 2 2 1 1 0 
2 2 1 1 2 2 0 
1 1 2 2 1 1 0 
2 2 1 2 2 2 2 
1 1 1 2 1 1 1 
Current player: 2
Moves made: 1 1 1 1 1 1 2 2 2 2 2 2 3 4 3 3 3 3 3 4 5 4 4 4 4 5 5 5 6 6 5 5 6 6 6 6 7 7 
Player 2 wins!
Elapsed time: 62 seconds
Elapsed time: 62.10649 seconds
Do you want to play again? (y/n): Thanks for playing!
Exiting the game...
Do you want to play again? (y/n): Thanks for playing!
Exiting the game...
---------------------------------------
---------------------------------------
OMP_NUM_THREADS: Sequential
MPI_NUM_PROCS: 4
Depth: 10
slurmstepd: error: *** JOB 44908 ON clus07 CANCELLED AT 2025-05-14T18:33:29 ***
