OMP_NUM_THREADS: Sequential
MPI_NUM_PROCS: 2
Depth: 8
Rank 0 out of 2 processes
Rank 1 out of 2 processes
Current board:
2 2 1 1 2 2 0 
1 1 2 2 1 1 0 
2 2 1 1 2 2 0 
1 1 2 2 1 1 0 
2 2 1 2 2 2 2 
1 1 1 2 1 1 1 
Current player: 2
Moves made: 1 1 1 1 1 1 2 2 2 2 2 2 3 4 3 3 3 3 3 4 5 4 4 4 4 5 5 5 5 5 6 6 6 6 6 6 7 7 
Player 2 wins!
Elapsed time: 3 seconds
Elapsed time: 3.52312 seconds
Do you want to play again? (y/n): Thanks for playing!
Exiting the game...
Current board:
2 2 1 1 2 2 0 
1 1 2 2 1 1 0 
2 2 1 1 2 2 0 
1 1 2 2 1 1 0 
2 2 1 2 2 2 2 
1 1 1 2 1 1 1 
Current player: 2
Moves made: 1 1 1 1 1 1 2 2 2 2 2 2 3 4 3 3 3 3 3 4 5 4 4 4 4 5 5 5 5 5 6 6 6 6 6 6 7 7 
Player 2 wins!
Do you want to play again? (y/n): Thanks for playing!
Exiting the game...
---------------------------------------
OMP_NUM_THREADS: Sequential
MPI_NUM_PROCS: 4
Depth: 8
Rank 1 out of 4 processes
Rank 2 out of 4 processes
Rank 3 out of 4 processes
Rank 0 out of 4 processes
Current board:
2 2 1 1 2 2 0 
1 1 2 2 1 1 0 
2 2 1 1 2 2 0 
1 1 2 2 1 1 0 
2 2 1 2 2 2 2 
1 1 1 2 1 1 1 
Current player: 2
Moves made: 1 1 1 1 1 1 2 2 2 2 2 2 3 4 3 3 3 3 3 4 5 4 4 4 4 5 5 5 5 5 6 6 6 6 6 6 7 7 
Player 2 wins!
Do you want to play again? (y/n): Thanks for playing!
Exiting the game...
Current board:
2 2 1 1 2 2 0 
1 1 2 2 1 1 0 
2 2 1 1 2 2 0 
1 1 2 2 1 1 0 
2 2 1 2 2 2 2 
1 1 1 2 1 1 1 
Current player: 2
Moves made: 1 1 1 1 1 1 2 2 2 2 2 2 3 4 3 3 3 3 3 4 5 4 4 4 4 5 5 5 5 5 6 6 6 6 6 6 7 7 
Player 2 wins!
Elapsed time: 1 seconds
Elapsed time: 1.98120 seconds
Do you want to play again? (y/n): Thanks for playing!
Exiting the game...
Current board:
2 2 1 1 2 2 0 
1 1 2 2 1 1 0 
2 2 1 1 2 2 0 
1 1 2 2 1 1 0 
2 2 1 2 2 2 2 
1 1 1 2 1 1 1 
Current player: 2
Moves made: 1 1 1 1 1 1 2 2 2 2 2 2 3 4 3 3 3 3 3 4 5 4 4 4 4 5 5 5 5 5 6 6 6 6 6 6 7 7 
Player 2 wins!
Do you want to play again? (y/n): Thanks for playing!
Exiting the game...
Current board:
2 2 1 1 2 2 0 
1 1 2 2 1 1 0 
2 2 1 1 2 2 0 
1 1 2 2 1 1 0 
2 2 1 2 2 2 2 
1 1 1 2 1 1 1 
Current player: 2
Moves made: 1 1 1 1 1 1 2 2 2 2 2 2 3 4 3 3 3 3 3 4 5 4 4 4 4 5 5 5 5 5 6 6 6 6 6 6 7 7 
Player 2 wins!
Do you want to play again? (y/n): Thanks for playing!
Exiting the game...
---------------------------------------
